# JRE version: Java(TM) SE Runtime Environment (8.0_151-b12) (build 1.8.0_151-b12)
# Java VM: Java HotSpot(TM) 64-Bit Server VM (25.151-b12 mixed mode windows-amd64 compressed oops)
Heap:
 PSYoungGen      total 214016K, used 7140K [0x00000000d6e00000, 0x00000000e4a00000, 0x0000000100000000)
  eden space 202752K, 3% used [0x00000000d6e00000,0x00000000d74f93e8,0x00000000e3400000)
  from space 11264K, 0% used [0x00000000e3f00000,0x00000000e3f00000,0x00000000e4a00000)
  to   space 11264K, 0% used [0x00000000e3400000,0x00000000e3400000,0x00000000e3f00000)
 ParOldGen       total 58368K, used 13576K [0x0000000084a00000, 0x0000000088300000, 0x00000000d6e00000)
  object space 58368K, 23% used [0x0000000084a00000,0x00000000857421c8,0x0000000088300000)
 Metaspace       used 24493K, capacity 25100K, committed 25472K, reserved 1071104K
  class space    used 2884K, capacity 3105K, committed 3200K, reserved 1048576K
GC Heap History (10 events):
Event: 4.931 GC heap before
{Heap before GC invocations=4 (full 0):
 PSYoungGen      total 68608K, used 28949K [0x00000000d6e00000, 0x00000000df400000, 0x0000000100000000)
  eden space 63488K, 37% used [0x00000000d6e00000,0x00000000d854d6d0,0x00000000dac00000)
  from space 5120K, 99% used [0x00000000dac00000,0x00000000db0f8030,0x00000000db100000)
  to   space 5120K, 0% used [0x00000000def00000,0x00000000def00000,0x00000000df400000)
 ParOldGen       total 84992K, used 6490K [0x0000000084a00000, 0x0000000089d00000, 0x00000000d6e00000)
  object space 84992K, 7% used [0x0000000084a00000,0x00000000850569e0,0x0000000089d00000)
 Metaspace       used 20691K, capacity 21094K, committed 21248K, reserved 1067008K
  class space    used 2561K, capacity 2745K, committed 2816K, reserved 1048576K
Event: 4.949 GC heap after
Heap after GC invocations=4 (full 0):
 PSYoungGen      total 132096K, used 5088K [0x00000000d6e00000, 0x00000000df400000, 0x0000000100000000)
  eden space 126976K, 0% used [0x00000000d6e00000,0x00000000d6e00000,0x00000000dea00000)
  from space 5120K, 99% used [0x00000000def00000,0x00000000df3f8030,0x00000000df400000)
  to   space 5120K, 0% used [0x00000000dea00000,0x00000000dea00000,0x00000000def00000)
 ParOldGen       total 84992K, used 9542K [0x0000000084a00000, 0x0000000089d00000, 0x00000000d6e00000)
  object space 84992K, 11% used [0x0000000084a00000,0x00000000853518f0,0x0000000089d00000)
 Metaspace       used 20691K, capacity 21094K, committed 21248K, reserved 1067008K
  class space    used 2561K, capacity 2745K, committed 2816K, reserved 1048576K
}
Event: 4.949 GC heap before
{Heap before GC invocations=5 (full 1):
 PSYoungGen      total 132096K, used 5088K [0x00000000d6e00000, 0x00000000df400000, 0x0000000100000000)
  eden space 126976K, 0% used [0x00000000d6e00000,0x00000000d6e00000,0x00000000dea00000)
  from space 5120K, 99% used [0x00000000def00000,0x00000000df3f8030,0x00000000df400000)
  to   space 5120K, 0% used [0x00000000dea00000,0x00000000dea00000,0x00000000def00000)
 ParOldGen       total 84992K, used 9542K [0x0000000084a00000, 0x0000000089d00000, 0x00000000d6e00000)
  object space 84992K, 11% used [0x0000000084a00000,0x00000000853518f0,0x0000000089d00000)
 Metaspace       used 20691K, capacity 21094K, committed 21248K, reserved 1067008K
  class space    used 2561K, capacity 2745K, committed 2816K, reserved 1048576K
Event: 5.011 GC heap after
Heap after GC invocations=5 (full 1):
 PSYoungGen      total 132096K, used 0K [0x00000000d6e00000, 0x00000000df400000, 0x0000000100000000)
  eden space 126976K, 0% used [0x00000000d6e00000,0x00000000d6e00000,0x00000000dea00000)
  from space 5120K, 0% used [0x00000000def00000,0x00000000def00000,0x00000000df400000)
  to   space 5120K, 0% used [0x00000000dea00000,0x00000000dea00000,0x00000000def00000)
 ParOldGen       total 58368K, used 9510K [0x0000000084a00000, 0x0000000088300000, 0x00000000d6e00000)
  object space 58368K, 16% used [0x0000000084a00000,0x0000000085349a40,0x0000000088300000)
 Metaspace       used 20691K, capacity 21094K, committed 21248K, reserved 1067008K
  class space    used 2561K, capacity 2745K, committed 2816K, reserved 1048576K
}
Event: 18.730 GC heap before
{Heap before GC invocations=6 (full 1):
 PSYoungGen      total 132096K, used 126976K [0x00000000d6e00000, 0x00000000df400000, 0x0000000100000000)
  eden space 126976K, 100% used [0x00000000d6e00000,0x00000000dea00000,0x00000000dea00000)
  from space 5120K, 0% used [0x00000000def00000,0x00000000def00000,0x00000000df400000)
  to   space 5120K, 0% used [0x00000000dea00000,0x00000000dea00000,0x00000000def00000)
 ParOldGen       total 58368K, used 9510K [0x0000000084a00000, 0x0000000088300000, 0x00000000d6e00000)
  object space 58368K, 16% used [0x0000000084a00000,0x0000000085349a40,0x0000000088300000)
 Metaspace       used 23914K, capacity 24490K, committed 24576K, reserved 1071104K
  class space    used 2857K, capacity 3062K, committed 3072K, reserved 1048576K
Event: 18.764 GC heap after
Heap after GC invocations=6 (full 1):
 PSYoungGen      total 132096K, used 5115K [0x00000000d6e00000, 0x00000000e4a00000, 0x0000000100000000)
  eden space 126976K, 0% used [0x00000000d6e00000,0x00000000d6e00000,0x00000000dea00000)
  from space 5120K, 99% used [0x00000000dea00000,0x00000000deefeff0,0x00000000def00000)
  to   space 11264K, 0% used [0x00000000e3f00000,0x00000000e3f00000,0x00000000e4a00000)
 ParOldGen       total 58368K, used 12807K [0x0000000084a00000, 0x0000000088300000, 0x00000000d6e00000)
  object space 58368K, 21% used [0x0000000084a00000,0x0000000085681d80,0x0000000088300000)
 Metaspace       used 23914K, capacity 24490K, committed 24576K, reserved 1071104K
  class space    used 2857K, capacity 3062K, committed 3072K, reserved 1048576K
}
Event: 21.240 GC heap before
{Heap before GC invocations=7 (full 1):
 PSYoungGen      total 132096K, used 130668K [0x00000000d6e00000, 0x00000000e4a00000, 0x0000000100000000)
  eden space 126976K, 98% used [0x00000000d6e00000,0x00000000de89c2e8,0x00000000dea00000)
  from space 5120K, 99% used [0x00000000dea00000,0x00000000deefeff0,0x00000000def00000)
  to   space 11264K, 0% used [0x00000000e3f00000,0x00000000e3f00000,0x00000000e4a00000)
 ParOldGen       total 58368K, used 12807K [0x0000000084a00000, 0x0000000088300000, 0x00000000d6e00000)
  object space 58368K, 21% used [0x0000000084a00000,0x0000000085681d80,0x0000000088300000)
 Metaspace       used 24483K, capacity 25100K, committed 25472K, reserved 1071104K
  class space    used 2882K, capacity 3105K, committed 3200K, reserved 1048576K
Event: 21.279 GC heap after
Heap after GC invocations=7 (full 1):
 PSYoungGen      total 214016K, used 5741K [0x00000000d6e00000, 0x00000000e4a00000, 0x0000000100000000)
  eden space 202752K, 0% used [0x00000000d6e00000,0x00000000d6e00000,0x00000000e3400000)
  from space 11264K, 50% used [0x00000000e3f00000,0x00000000e449b438,0x00000000e4a00000)
  to   space 11264K, 0% used [0x00000000e3400000,0x00000000e3400000,0x00000000e3f00000)
 ParOldGen       total 58368K, used 12807K [0x0000000084a00000, 0x0000000088300000, 0x00000000d6e00000)
  object space 58368K, 21% used [0x0000000084a00000,0x0000000085681d80,0x0000000088300000)
 Metaspace       used 24483K, capacity 25100K, committed 25472K, reserved 1071104K
  class space    used 2882K, capacity 3105K, committed 3200K, reserved 1048576K
}
Event: 21.279 GC heap before
{Heap before GC invocations=8 (full 2):
 PSYoungGen      total 214016K, used 5741K [0x00000000d6e00000, 0x00000000e4a00000, 0x0000000100000000)
  eden space 202752K, 0% used [0x00000000d6e00000,0x00000000d6e00000,0x00000000e3400000)
  from space 11264K, 50% used [0x00000000e3f00000,0x00000000e449b438,0x00000000e4a00000)
  to   space 11264K, 0% used [0x00000000e3400000,0x00000000e3400000,0x00000000e3f00000)
 ParOldGen       total 58368K, used 12807K [0x0000000084a00000, 0x0000000088300000, 0x00000000d6e00000)
  object space 58368K, 21% used [0x0000000084a00000,0x0000000085681d80,0x0000000088300000)
 Metaspace       used 24483K, capacity 25100K, committed 25472K, reserved 1071104K
  class space    used 2882K, capacity 3105K, committed 3200K, reserved 1048576K
Event: 21.415 GC heap after
Heap after GC invocations=8 (full 2):
 PSYoungGen      total 214016K, used 0K [0x00000000d6e00000, 0x00000000e4a00000, 0x0000000100000000)
  eden space 202752K, 0% used [0x00000000d6e00000,0x00000000d6e00000,0x00000000e3400000)
  from space 11264K, 0% used [0x00000000e3f00000,0x00000000e3f00000,0x00000000e4a00000)
  to   space 11264K, 0% used [0x00000000e3400000,0x00000000e3400000,0x00000000e3f00000)
 ParOldGen       total 58368K, used 13576K [0x0000000084a00000, 0x0000000088300000, 0x00000000d6e00000)
  object space 58368K, 23% used [0x0000000084a00000,0x00000000857421c8,0x0000000088300000)
 Metaspace       used 24483K, capacity 25100K, committed 25472K, reserved 1071104K
  class space    used 2882K, capacity 3105K, committed 3200K, reserved 1048576K
}

